<?xml version="1.0" encoding="UTF-8" ?>
<testsuite errors="0" failures="0" hostname="Aby" name="edu.nyu.cs.canvas.test.CanvasModelTest" skipped="0" tests="9" time="0.006" timestamp="2016-05-16T02:28:55">
  <properties>
[...]
</properties>
  <testcase classname="edu.nyu.cs.canvas.test.CanvasModelTest" name="testAddNullPointToModel" time="0.0" />
  <testcase classname="edu.nyu.cs.canvas.test.CanvasModelTest" name="testCanvasPointBuilder" time="0.0" />
  <testcase classname="edu.nyu.cs.canvas.test.CanvasModelTest" name="testNumberOfPointsInModel" time="0.0" />
  <testcase classname="edu.nyu.cs.canvas.test.CanvasModelTest" name="testModelPaintProperties" time="0.0" />
  <testcase classname="edu.nyu.cs.canvas.test.CanvasModelTest" name="testSingleton" time="0.0" />
  <testcase classname="edu.nyu.cs.canvas.test.CanvasModelTest" name="testNullAndInvalidModelPaintProperties" time="0.0" />
  <testcase classname="edu.nyu.cs.canvas.test.CanvasModelTest" name="testModelReset" time="0.0" />
  <testcase classname="edu.nyu.cs.canvas.test.CanvasModelTest" name="testAddSegmentToModel" time="0.001" />
  <testcase classname="edu.nyu.cs.canvas.test.CanvasModelTest" name="testAddPointToModel" time="0.0" />
  <system-out><![CDATA[]]></system-out>
  <system-err><![CDATA[]]></system-err>
</testsuite>
